0 info it worked if it ends with ok
1 verbose cli [ 'node', '/usr/local/bin/npm', 'run', 'dve' ]
2 info using npm@2.1.17
3 info using node@v0.13.0-pre
4 verbose stack Error: missing script: dve
4 verbose stack     at run (/usr/local/lib/node_modules/npm/lib/run-script.js:130:19)
4 verbose stack     at /usr/local/lib/node_modules/npm/lib/run-script.js:81:5
4 verbose stack     at /usr/local/lib/node_modules/npm/node_modules/read-package-json/read-json.js:51:40
4 verbose stack     at final (/usr/local/lib/node_modules/npm/node_modules/read-package-json/read-json.js:349:17)
4 verbose stack     at then (/usr/local/lib/node_modules/npm/node_modules/read-package-json/read-json.js:126:33)
4 verbose stack     at /usr/local/lib/node_modules/npm/node_modules/read-package-json/read-json.js:331:40
4 verbose stack     at evalmachine.<anonymous>:295:14
4 verbose stack     at /usr/local/lib/node_modules/npm/node_modules/graceful-fs/graceful-fs.js:102:5
4 verbose stack     at Object.oncomplete (evalmachine.<anonymous>:93:15)
5 verbose cwd /home/b/benji6/sudoku
6 error Linux 3.16.0-28-generic
7 error argv "node" "/usr/local/bin/npm" "run" "dve"
8 error node v0.13.0-pre
9 error npm  v2.1.17
10 error missing script: dve
11 error If you need help, you may report this error at:
11 error     <http://github.com/npm/npm/issues>
12 verbose exit [ 1, true ]
